{
  "0 debug pnpm:scope": {
    "selected": 1
  },
  "1 debug pnpm:package-manifest": {
    "initial": {
      "name": "skamansam.github.io",
      "version": "0.0.1",
      "scripts": {
        "dev": "svelte-kit dev",
        "build": "svelte-kit build",
        "package": "svelte-kit package",
        "preview": "svelte-kit preview",
        "prepare": "svelte-kit sync",
        "test": "playwright test",
        "check": "svelte-check --tsconfig ./tsconfig.json",
        "check:watch": "svelte-check --tsconfig ./tsconfig.json --watch",
        "lint": "prettier --check --plugin-search-dir=. . && eslint .",
        "format": "prettier --write --plugin-search-dir=. ."
      },
      "devDependencies": {
        "@playwright/test": "^1.21.0",
        "@sveltejs/adapter-auto": "next",
        "@sveltejs/kit": "next",
        "@typescript-eslint/eslint-plugin": "^5.10.1",
        "@typescript-eslint/parser": "^5.10.1",
        "eslint": "^8.12.0",
        "eslint-config-prettier": "^8.3.0",
        "eslint-plugin-svelte3": "^4.0.0",
        "prettier": "^2.5.1",
        "prettier-plugin-svelte": "^2.5.0",
        "svelte": "^3.44.0",
        "svelte-check": "^2.2.6",
        "svelte-preprocess": "^4.10.1",
        "tslib": "^2.3.1",
        "typescript": "~4.6.2"
      },
      "type": "module"
    },
    "prefix": "/home/sam/workspace-other/skamansam.github.io"
  },
  "2 debug pnpm:context": {
    "currentLockfileExists": false,
    "storeDir": "/home/sam/.local/share/pnpm/store/v3",
    "virtualStoreDir": "/home/sam/workspace-other/skamansam.github.io/node_modules/.pnpm"
  },
  "3 debug pnpm:stage": {
    "prefix": "/home/sam/workspace-other/skamansam.github.io",
    "stage": "resolution_started"
  },
  "4 debug pnpm:_dependency_resolved": {
    "resolution": "registry.npmjs.org/tslib/2.4.0",
    "wanted": {
      "dependentId": ".",
      "name": "tslib",
      "rawSpec": "^2.3.1"
    }
  },
  "5 debug pnpm:progress": {
    "packageId": "registry.npmjs.org/tslib/2.4.0",
    "requester": "/home/sam/workspace-other/skamansam.github.io",
    "status": "resolved"
  },
  "6 debug pnpm:_dependency_resolved": {
    "resolution": "registry.npmjs.org/prettier/2.6.2",
    "wanted": {
      "dependentId": ".",
      "name": "prettier",
      "rawSpec": "^2.5.1"
    }
  },
  "7 debug pnpm:progress": {
    "packageId": "registry.npmjs.org/prettier/2.6.2",
    "requester": "/home/sam/workspace-other/skamansam.github.io",
    "status": "resolved"
  },
  "8 debug pnpm:_dependency_resolved": {
    "resolution": "registry.npmjs.org/eslint/8.17.0",
    "wanted": {
      "dependentId": ".",
      "name": "eslint",
      "rawSpec": "^8.12.0"
    }
  },
  "9 debug pnpm:progress": {
    "packageId": "registry.npmjs.org/eslint/8.17.0",
    "requester": "/home/sam/workspace-other/skamansam.github.io",
    "status": "resolved"
  },
  "10 debug pnpm:_dependency_resolved": {
    "resolution": "registry.npmjs.org/svelte-preprocess/4.10.7",
    "wanted": {
      "dependentId": ".",
      "name": "svelte-preprocess",
      "rawSpec": "^4.10.1"
    }
  },
  "11 debug pnpm:progress": {
    "packageId": "registry.npmjs.org/svelte-preprocess/4.10.7",
    "requester": "/home/sam/workspace-other/skamansam.github.io",
    "status": "resolved"
  },
  "12 debug pnpm:fetching-progress": {
    "attempt": 1,
    "packageId": "registry.npmjs.org/eslint/8.17.0",
    "size": 502269,
    "status": "started"
  },
  "13 debug pnpm:_dependency_resolved": {
    "resolution": "registry.npmjs.org/eslint-plugin-svelte3/4.0.0",
    "wanted": {
      "dependentId": ".",
      "name": "eslint-plugin-svelte3",
      "rawSpec": "^4.0.0"
    }
  },
  "14 debug pnpm:progress": {
    "packageId": "registry.npmjs.org/eslint-plugin-svelte3/4.0.0",
    "requester": "/home/sam/workspace-other/skamansam.github.io",
    "status": "resolved"
  },
  "15 debug pnpm:fetching-progress": {
    "attempt": 1,
    "packageId": "registry.npmjs.org/svelte-preprocess/4.10.7",
    "size": 22985,
    "status": "started"
  },
  "16 debug pnpm:progress": {
    "packageId": "registry.npmjs.org/tslib/2.4.0",
    "requester": "/home/sam/workspace-other/skamansam.github.io",
    "status": "found_in_store"
  },
  "17 debug pnpm:_dependency_resolved": {
    "resolution": "registry.npmjs.org/@typescript-eslint/eslint-plugin/5.27.0",
    "wanted": {
      "dependentId": ".",
      "name": "@typescript-eslint/eslint-plugin",
      "rawSpec": "^5.10.1"
    }
  },
  "18 debug pnpm:progress": {
    "packageId": "registry.npmjs.org/@typescript-eslint/eslint-plugin/5.27.0",
    "requester": "/home/sam/workspace-other/skamansam.github.io",
    "status": "resolved"
  },
  "19 debug pnpm:_dependency_resolved": {
    "resolution": "registry.npmjs.org/@playwright/test/1.22.2",
    "wanted": {
      "dependentId": ".",
      "name": "@playwright/test",
      "rawSpec": "^1.21.0"
    }
  },
  "20 debug pnpm:progress": {
    "packageId": "registry.npmjs.org/@playwright/test/1.22.2",
    "requester": "/home/sam/workspace-other/skamansam.github.io",
    "status": "resolved"
  },
  "21 debug pnpm:_dependency_resolved": {
    "resolution": "registry.npmjs.org/eslint-config-prettier/8.5.0",
    "wanted": {
      "dependentId": ".",
      "name": "eslint-config-prettier",
      "rawSpec": "^8.3.0"
    }
  },
  "22 debug pnpm:progress": {
    "packageId": "registry.npmjs.org/eslint-config-prettier/8.5.0",
    "requester": "/home/sam/workspace-other/skamansam.github.io",
    "status": "resolved"
  },
  "23 debug pnpm:progress": {
    "packageId": "registry.npmjs.org/prettier/2.6.2",
    "requester": "/home/sam/workspace-other/skamansam.github.io",
    "status": "found_in_store"
  },
  "24 debug pnpm:_dependency_resolved": {
    "resolution": "registry.npmjs.org/svelte-check/2.7.2",
    "wanted": {
      "dependentId": ".",
      "name": "svelte-check",
      "rawSpec": "^2.2.6"
    }
  },
  "25 debug pnpm:progress": {
    "packageId": "registry.npmjs.org/svelte-check/2.7.2",
    "requester": "/home/sam/workspace-other/skamansam.github.io",
    "status": "resolved"
  },
  "26 debug pnpm:fetching-progress": {
    "attempt": 1,
    "packageId": "registry.npmjs.org/eslint-plugin-svelte3/4.0.0",
    "size": 13112,
    "status": "started"
  },
  "27 debug pnpm:_dependency_resolved": {
    "resolution": "registry.npmjs.org/@typescript-eslint/parser/5.27.0",
    "wanted": {
      "dependentId": ".",
      "name": "@typescript-eslint/parser",
      "rawSpec": "^5.10.1"
    }
  },
  "28 debug pnpm:progress": {
    "packageId": "registry.npmjs.org/@typescript-eslint/parser/5.27.0",
    "requester": "/home/sam/workspace-other/skamansam.github.io",
    "status": "resolved"
  },
  "29 debug pnpm:_dependency_resolved": {
    "resolution": "registry.npmjs.org/prettier-plugin-svelte/2.7.0",
    "wanted": {
      "dependentId": ".",
      "name": "prettier-plugin-svelte",
      "rawSpec": "^2.5.0"
    }
  },
  "30 debug pnpm:progress": {
    "packageId": "registry.npmjs.org/prettier-plugin-svelte/2.7.0",
    "requester": "/home/sam/workspace-other/skamansam.github.io",
    "status": "resolved"
  },
  "31 debug pnpm:fetching-progress": {
    "attempt": 1,
    "packageId": "registry.npmjs.org/@typescript-eslint/eslint-plugin/5.27.0",
    "size": 426949,
    "status": "started"
  },
  "32 debug pnpm:fetching-progress": {
    "attempt": 1,
    "packageId": "registry.npmjs.org/@playwright/test/1.22.2",
    "size": 554398,
    "status": "started"
  },
  "33 debug pnpm:_dependency_resolved": {
    "resolution": "registry.npmjs.org/typescript/4.6.4",
    "wanted": {
      "dependentId": ".",
      "name": "typescript",
      "rawSpec": "~4.6.2"
    }
  },
  "34 debug pnpm:progress": {
    "packageId": "registry.npmjs.org/typescript/4.6.4",
    "requester": "/home/sam/workspace-other/skamansam.github.io",
    "status": "resolved"
  },
  "35 debug pnpm:fetching-progress": {
    "attempt": 1,
    "packageId": "registry.npmjs.org/svelte-check/2.7.2",
    "size": 685870,
    "status": "started"
  },
  "36 debug pnpm:fetching-progress": {
    "attempt": 1,
    "packageId": "registry.npmjs.org/prettier-plugin-svelte/2.7.0",
    "size": 49476,
    "status": "started"
  },
  "37 debug pnpm:fetching-progress": {
    "attempt": 1,
    "packageId": "registry.npmjs.org/@typescript-eslint/parser/5.27.0",
    "size": 9933,
    "status": "started"
  },
  "38 warn pnpm:install-check": {
    "message": "Unsupported engine for registry.npmjs.org/@sveltejs/kit/1.0.0-next.348: wanted: {\"node\":\">=16.7\"} (current: {\"node\":\"v16.4.0\",\"pnpm\":\"7.1.8\"})",
    "prefix": "/home/sam/workspace-other/skamansam.github.io"
  },
  "39 error pnpm": {
    "code": "ERR_PNPM_UNSUPPORTED_ENGINE",
    "packageId": "registry.npmjs.org/@sveltejs/kit/1.0.0-next.348",
    "wanted": {
      "node": ">=16.7"
    },
    "current": {
      "node": "v16.4.0",
      "pnpm": "7.1.8"
    },
    "pkgsStack": [],
    "err": {
      "name": "pnpm",
      "message": "Unsupported engine for registry.npmjs.org/@sveltejs/kit/1.0.0-next.348: wanted: {\"node\":\">=16.7\"} (current: {\"node\":\"v16.4.0\",\"pnpm\":\"7.1.8\"})",
      "code": "ERR_PNPM_UNSUPPORTED_ENGINE",
      "stack": "pnpm: Unsupported engine for registry.npmjs.org/@sveltejs/kit/1.0.0-next.348: wanted: {\"node\":\">=16.7\"} (current: {\"node\":\"v16.4.0\",\"pnpm\":\"7.1.8\"})\n    at checkEngine (/home/sam/.local/share/pnpm/global/5/.pnpm/pnpm@7.1.8/node_modules/pnpm/dist/pnpm.cjs:41257:16)\n    at checkPackage (/home/sam/.local/share/pnpm/global/5/.pnpm/pnpm@7.1.8/node_modules/pnpm/dist/pnpm.cjs:43505:74)\n    at packageIsInstallable (/home/sam/.local/share/pnpm/global/5/.pnpm/pnpm@7.1.8/node_modules/pnpm/dist/pnpm.cjs:43475:20)\n    at resolveAndFetch (/home/sam/.local/share/pnpm/global/5/.pnpm/pnpm@7.1.8/node_modules/pnpm/dist/pnpm.cjs:91634:117)\n    at runMicrotasks (<anonymous>)\n    at processTicksAndRejections (node:internal/process/task_queues:96:5)\n    at async resolveDependency (/home/sam/.local/share/pnpm/global/5/.pnpm/pnpm@7.1.8/node_modules/pnpm/dist/pnpm.cjs:116446:23)\n    at async resolveDependenciesOfDependency (/home/sam/.local/share/pnpm/global/5/.pnpm/pnpm@7.1.8/node_modules/pnpm/dist/pnpm.cjs:116289:39)\n    at async Promise.all (index 2)\n    at async resolveDependencies (/home/sam/.local/share/pnpm/global/5/.pnpm/pnpm@7.1.8/node_modules/pnpm/dist/pnpm.cjs:116227:34)"
    }
  },
  "40 debug pnpm:progress": {
    "packageId": "registry.npmjs.org/eslint-config-prettier/8.5.0",
    "requester": "/home/sam/workspace-other/skamansam.github.io",
    "status": "found_in_store"
  }
}